<?xml version="1.0" encoding="UTF-8"?>
<testng-results ignored="0" total="3" passed="3" failed="0" skipped="0">
  <reporter-output>
  </reporter-output>
  <suite started-at="2023-08-17T22:39:51 AEST" name="Suite" finished-at="2023-08-17T22:40:15 AEST" duration-ms="24141">
    <groups>
    </groups>
    <test started-at="2023-08-17T22:39:51 AEST" name="Test" finished-at="2023-08-17T22:40:15 AEST" duration-ms="24141">
      <class name="TestCases">
        <test-method is-config="true" signature="CICDTests()[pri:0, instance:TestCases@6193932a]" started-at="2023-08-17T22:39:51 AEST" name="CICDTests" finished-at="2023-08-17T22:39:57 AEST" duration-ms="5352" status="PASS">
          <reporter-output>
          </reporter-output>
        </test-method> <!-- CICDTests -->
        <test-method signature="test1()[pri:1, instance:TestCases@6193932a]" started-at="2023-08-17T22:39:57 AEST" name="test1" finished-at="2023-08-17T22:39:59 AEST" duration-ms="2140" status="PASS">
          <reporter-output>
          </reporter-output>
        </test-method> <!-- test1 -->
        <test-method is-config="true" signature="tearDown()[pri:0, instance:TestCases@6193932a]" started-at="2023-08-17T22:39:59 AEST" name="tearDown" finished-at="2023-08-17T22:40:00 AEST" duration-ms="1450" status="PASS">
          <reporter-output>
          </reporter-output>
        </test-method> <!-- tearDown -->
        <test-method is-config="true" signature="CICDTests()[pri:0, instance:TestCases@6193932a]" started-at="2023-08-17T22:40:00 AEST" name="CICDTests" finished-at="2023-08-17T22:40:04 AEST" duration-ms="4056" status="PASS">
          <reporter-output>
          </reporter-output>
        </test-method> <!-- CICDTests -->
        <test-method signature="test2()[pri:2, instance:TestCases@6193932a]" started-at="2023-08-17T22:40:04 AEST" name="test2" finished-at="2023-08-17T22:40:05 AEST" duration-ms="1134" status="PASS">
          <reporter-output>
          </reporter-output>
        </test-method> <!-- test2 -->
        <test-method is-config="true" signature="tearDown()[pri:0, instance:TestCases@6193932a]" started-at="2023-08-17T22:40:05 AEST" name="tearDown" finished-at="2023-08-17T22:40:07 AEST" duration-ms="1475" status="PASS">
          <reporter-output>
          </reporter-output>
        </test-method> <!-- tearDown -->
        <test-method is-config="true" signature="CICDTests()[pri:0, instance:TestCases@6193932a]" started-at="2023-08-17T22:40:07 AEST" name="CICDTests" finished-at="2023-08-17T22:40:11 AEST" duration-ms="4320" status="PASS">
          <reporter-output>
          </reporter-output>
        </test-method> <!-- CICDTests -->
        <test-method signature="test3()[pri:3, instance:TestCases@6193932a]" started-at="2023-08-17T22:40:11 AEST" name="test3" finished-at="2023-08-17T22:40:14 AEST" duration-ms="2735" status="PASS">
          <reporter-output>
          </reporter-output>
        </test-method> <!-- test3 -->
        <test-method is-config="true" signature="tearDown()[pri:0, instance:TestCases@6193932a]" started-at="2023-08-17T22:40:14 AEST" name="tearDown" finished-at="2023-08-17T22:40:15 AEST" duration-ms="1406" status="PASS">
          <reporter-output>
          </reporter-output>
        </test-method> <!-- tearDown -->
      </class> <!-- TestCases -->
    </test> <!-- Test -->
  </suite> <!-- Suite -->
</testng-results>
