<?xml version="1.0" encoding="UTF-8"?>
<testng-results ignored="0" total="3" passed="3" failed="0" skipped="0">
  <reporter-output>
  </reporter-output>
  <suite started-at="2023-08-17T22:37:41 AEST" name="Default suite" finished-at="2023-08-17T22:38:09 AEST" duration-ms="27476">
    <groups>
    </groups>
    <test started-at="2023-08-17T22:37:41 AEST" name="Default test" finished-at="2023-08-17T22:38:09 AEST" duration-ms="27476">
      <class name="TestCases">
        <test-method is-config="true" signature="CICDTests()[pri:0, instance:TestCases@74fe5c40]" started-at="2023-08-17T22:37:41 AEST" name="CICDTests" finished-at="2023-08-17T22:37:49 AEST" duration-ms="7357" status="PASS">
          <reporter-output>
          </reporter-output>
        </test-method> <!-- CICDTests -->
        <test-method signature="test1()[pri:1, instance:TestCases@74fe5c40]" started-at="2023-08-17T22:37:49 AEST" name="test1" finished-at="2023-08-17T22:37:51 AEST" duration-ms="2276" status="PASS">
          <reporter-output>
          </reporter-output>
        </test-method> <!-- test1 -->
        <test-method is-config="true" signature="tearDown()[pri:0, instance:TestCases@74fe5c40]" started-at="2023-08-17T22:37:51 AEST" name="tearDown" finished-at="2023-08-17T22:37:53 AEST" duration-ms="1486" status="PASS">
          <reporter-output>
          </reporter-output>
        </test-method> <!-- tearDown -->
        <test-method is-config="true" signature="CICDTests()[pri:0, instance:TestCases@74fe5c40]" started-at="2023-08-17T22:37:53 AEST" name="CICDTests" finished-at="2023-08-17T22:37:57 AEST" duration-ms="4227" status="PASS">
          <reporter-output>
          </reporter-output>
        </test-method> <!-- CICDTests -->
        <test-method signature="test2()[pri:2, instance:TestCases@74fe5c40]" started-at="2023-08-17T22:37:57 AEST" name="test2" finished-at="2023-08-17T22:37:58 AEST" duration-ms="1018" status="PASS">
          <reporter-output>
          </reporter-output>
        </test-method> <!-- test2 -->
        <test-method is-config="true" signature="tearDown()[pri:0, instance:TestCases@74fe5c40]" started-at="2023-08-17T22:37:58 AEST" name="tearDown" finished-at="2023-08-17T22:37:59 AEST" duration-ms="1559" status="PASS">
          <reporter-output>
          </reporter-output>
        </test-method> <!-- tearDown -->
        <test-method is-config="true" signature="CICDTests()[pri:0, instance:TestCases@74fe5c40]" started-at="2023-08-17T22:37:59 AEST" name="CICDTests" finished-at="2023-08-17T22:38:03 AEST" duration-ms="4064" status="PASS">
          <reporter-output>
          </reporter-output>
        </test-method> <!-- CICDTests -->
        <test-method signature="test3()[pri:3, instance:TestCases@74fe5c40]" started-at="2023-08-17T22:38:03 AEST" name="test3" finished-at="2023-08-17T22:38:07 AEST" duration-ms="3999" status="PASS">
          <reporter-output>
          </reporter-output>
        </test-method> <!-- test3 -->
        <test-method is-config="true" signature="tearDown()[pri:0, instance:TestCases@74fe5c40]" started-at="2023-08-17T22:38:07 AEST" name="tearDown" finished-at="2023-08-17T22:38:09 AEST" duration-ms="1387" status="PASS">
          <reporter-output>
          </reporter-output>
        </test-method> <!-- tearDown -->
      </class> <!-- TestCases -->
    </test> <!-- Default test -->
  </suite> <!-- Default suite -->
</testng-results>
